<?xml version="1.0" encoding="UTF-8"?>
<!-- Generated by org.testng.reporters.JUnitReportReporter -->
<testsuite skipped="0" hostname="DESKTOP-PN0RVR2" name="pack1.GridExample" tests="1" failures="0" timestamp="2021-11-12T11:32:19 IST" time="24.355" errors="0">
  <testcase name="mailTest" time="24.355" classname="pack1.GridExample"/>
  <system-out/>
</testsuite> <!-- pack1.GridExample -->
