<?xml version="1.0" encoding="UTF-8"?>
<!-- Generated by org.testng.reporters.JUnitReportReporter -->
<testsuite skipped="0" hostname="DESKTOP-PN0RVR2" name="pack1.CrossBrowser" tests="2" failures="0" timestamp="2021-11-11T12:56:29 IST" time="57.266" errors="0">
  <testcase name="demo" time="25.934" classname="pack1.CrossBrowser"/>
  <system-out/>
  <testcase name="demo" time="31.332" classname="pack1.CrossBrowser"/>
  <system-out/>
</testsuite> <!-- pack1.CrossBrowser -->
